<?xml version="1.0" encoding="UTF-8"?>
<testsuite xmlns:xsi="http://www.w3.org/2001/XMLSchema-instance" xsi:noNamespaceSchemaLocation="https://maven.apache.org/surefire/maven-surefire-plugin/xsd/surefire-test-report.xsd" name="devrep.projet_p1.ProjetP1ApplicationTests" time="3.526" tests="1" errors="0" skipped="0" failures="0">
  <properties>
    <property name="sun.desktop" value="gnome"/>
    <property name="awt.toolkit" value="sun.awt.X11.XToolkit"/>
    <property name="java.specification.version" value="11"/>
    <property name="sun.cpu.isalist" value=""/>
    <property name="sun.jnu.encoding" value="UTF-8"/>
    <property name="java.class.path" value="/home/changrui/eclipse-workspace/M2/devRep/projet1/projet/backend/target/test-classes:/home/changrui/eclipse-workspace/M2/devRep/projet1/projet/backend/target/classes:/home/changrui/.m2/repository/org/springframework/boot/spring-boot-starter-data-jpa/2.7.11/spring-boot-starter-data-jpa-2.7.11.jar:/home/changrui/.m2/repository/org/springframework/boot/spring-boot-starter-aop/2.7.11/spring-boot-starter-aop-2.7.11.jar:/home/changrui/.m2/repository/org/aspectj/aspectjweaver/1.9.7/aspectjweaver-1.9.7.jar:/home/changrui/.m2/repository/org/springframework/boot/spring-boot-starter-jdbc/2.7.11/spring-boot-starter-jdbc-2.7.11.jar:/home/changrui/.m2/repository/com/zaxxer/HikariCP/4.0.3/HikariCP-4.0.3.jar:/home/changrui/.m2/repository/org/springframework/spring-jdbc/5.3.27/spring-jdbc-5.3.27.jar:/home/changrui/.m2/repository/jakarta/transaction/jakarta.transaction-api/1.3.3/jakarta.transaction-api-1.3.3.jar:/home/changrui/.m2/repository/jakarta/persistence/jakarta.persistence-api/2.2.3/jakarta.persistence-api-2.2.3.jar:/home/changrui/.m2/repository/org/hibernate/hibernate-core/5.6.15.Final/hibernate-core-5.6.15.Final.jar:/home/changrui/.m2/repository/org/jboss/logging/jboss-logging/3.4.3.Final/jboss-logging-3.4.3.Final.jar:/home/changrui/.m2/repository/net/bytebuddy/byte-buddy/1.12.23/byte-buddy-1.12.23.jar:/home/changrui/.m2/repository/antlr/antlr/2.7.7/antlr-2.7.7.jar:/home/changrui/.m2/repository/org/jboss/jandex/2.4.2.Final/jandex-2.4.2.Final.jar:/home/changrui/.m2/repository/com/fasterxml/classmate/1.5.1/classmate-1.5.1.jar:/home/changrui/.m2/repository/org/hibernate/common/hibernate-commons-annotations/5.1.2.Final/hibernate-commons-annotations-5.1.2.Final.jar:/home/changrui/.m2/repository/org/glassfish/jaxb/jaxb-runtime/2.3.8/jaxb-runtime-2.3.8.jar:/home/changrui/.m2/repository/org/glassfish/jaxb/txw2/2.3.8/txw2-2.3.8.jar:/home/changrui/.m2/repository/com/sun/istack/istack-commons-runtime/3.0.12/istack-commons-runtime-3.0.12.jar:/home/changrui/.m2/repository/com/sun/activation/jakarta.activation/1.2.2/jakarta.activation-1.2.2.jar:/home/changrui/.m2/repository/org/springframework/data/spring-data-jpa/2.7.11/spring-data-jpa-2.7.11.jar:/home/changrui/.m2/repository/org/springframework/data/spring-data-commons/2.7.11/spring-data-commons-2.7.11.jar:/home/changrui/.m2/repository/org/springframework/spring-orm/5.3.27/spring-orm-5.3.27.jar:/home/changrui/.m2/repository/org/springframework/spring-context/5.3.27/spring-context-5.3.27.jar:/home/changrui/.m2/repository/org/springframework/spring-tx/5.3.27/spring-tx-5.3.27.jar:/home/changrui/.m2/repository/org/springframework/spring-beans/5.3.27/spring-beans-5.3.27.jar:/home/changrui/.m2/repository/org/slf4j/slf4j-api/1.7.36/slf4j-api-1.7.36.jar:/home/changrui/.m2/repository/org/springframework/spring-aspects/5.3.27/spring-aspects-5.3.27.jar:/home/changrui/.m2/repository/org/springframework/boot/spring-boot-starter-thymeleaf/2.7.11/spring-boot-starter-thymeleaf-2.7.11.jar:/home/changrui/.m2/repository/org/springframework/boot/spring-boot-starter/2.7.11/spring-boot-starter-2.7.11.jar:/home/changrui/.m2/repository/org/springframework/boot/spring-boot/2.7.11/spring-boot-2.7.11.jar:/home/changrui/.m2/repository/org/springframework/boot/spring-boot-autoconfigure/2.7.11/spring-boot-autoconfigure-2.7.11.jar:/home/changrui/.m2/repository/org/springframework/boot/spring-boot-starter-logging/2.7.11/spring-boot-starter-logging-2.7.11.jar:/home/changrui/.m2/repository/ch/qos/logback/logback-classic/1.2.12/logback-classic-1.2.12.jar:/home/changrui/.m2/repository/ch/qos/logback/logback-core/1.2.12/logback-core-1.2.12.jar:/home/changrui/.m2/repository/org/apache/logging/log4j/log4j-to-slf4j/2.17.2/log4j-to-slf4j-2.17.2.jar:/home/changrui/.m2/repository/org/apache/logging/log4j/log4j-api/2.17.2/log4j-api-2.17.2.jar:/home/changrui/.m2/repository/org/slf4j/jul-to-slf4j/1.7.36/jul-to-slf4j-1.7.36.jar:/home/changrui/.m2/repository/jakarta/annotation/jakarta.annotation-api/1.3.5/jakarta.annotation-api-1.3.5.jar:/home/changrui/.m2/repository/org/yaml/snakeyaml/1.30/snakeyaml-1.30.jar:/home/changrui/.m2/repository/org/thymeleaf/thymeleaf-spring5/3.0.15.RELEASE/thymeleaf-spring5-3.0.15.RELEASE.jar:/home/changrui/.m2/repository/org/thymeleaf/thymeleaf/3.0.15.RELEASE/thymeleaf-3.0.15.RELEASE.jar:/home/changrui/.m2/repository/org/attoparser/attoparser/2.0.5.RELEASE/attoparser-2.0.5.RELEASE.jar:/home/changrui/.m2/repository/org/unbescape/unbescape/1.1.6.RELEASE/unbescape-1.1.6.RELEASE.jar:/home/changrui/.m2/repository/org/thymeleaf/extras/thymeleaf-extras-java8time/3.0.4.RELEASE/thymeleaf-extras-java8time-3.0.4.RELEASE.jar:/home/changrui/.m2/repository/org/springframework/boot/spring-boot-starter-web/2.7.11/spring-boot-starter-web-2.7.11.jar:/home/changrui/.m2/repository/org/springframework/boot/spring-boot-starter-json/2.7.11/spring-boot-starter-json-2.7.11.jar:/home/changrui/.m2/repository/com/fasterxml/jackson/core/jackson-databind/2.13.5/jackson-databind-2.13.5.jar:/home/changrui/.m2/repository/com/fasterxml/jackson/core/jackson-annotations/2.13.5/jackson-annotations-2.13.5.jar:/home/changrui/.m2/repository/com/fasterxml/jackson/core/jackson-core/2.13.5/jackson-core-2.13.5.jar:/home/changrui/.m2/repository/com/fasterxml/jackson/datatype/jackson-datatype-jdk8/2.13.5/jackson-datatype-jdk8-2.13.5.jar:/home/changrui/.m2/repository/com/fasterxml/jackson/datatype/jackson-datatype-jsr310/2.13.5/jackson-datatype-jsr310-2.13.5.jar:/home/changrui/.m2/repository/com/fasterxml/jackson/module/jackson-module-parameter-names/2.13.5/jackson-module-parameter-names-2.13.5.jar:/home/changrui/.m2/repository/org/springframework/boot/spring-boot-starter-tomcat/2.7.11/spring-boot-starter-tomcat-2.7.11.jar:/home/changrui/.m2/repository/org/apache/tomcat/embed/tomcat-embed-core/9.0.74/tomcat-embed-core-9.0.74.jar:/home/changrui/.m2/repository/org/apache/tomcat/embed/tomcat-embed-el/9.0.74/tomcat-embed-el-9.0.74.jar:/home/changrui/.m2/repository/org/apache/tomcat/embed/tomcat-embed-websocket/9.0.74/tomcat-embed-websocket-9.0.74.jar:/home/changrui/.m2/repository/org/springframework/spring-web/5.3.27/spring-web-5.3.27.jar:/home/changrui/.m2/repository/org/springframework/spring-webmvc/5.3.27/spring-webmvc-5.3.27.jar:/home/changrui/.m2/repository/org/springframework/spring-expression/5.3.27/spring-expression-5.3.27.jar:/home/changrui/.m2/repository/com/mysql/mysql-connector-j/8.0.33/mysql-connector-j-8.0.33.jar:/home/changrui/.m2/repository/org/projectlombok/lombok/1.18.26/lombok-1.18.26.jar:/home/changrui/.m2/repository/org/springframework/boot/spring-boot-starter-test/2.7.11/spring-boot-starter-test-2.7.11.jar:/home/changrui/.m2/repository/org/springframework/boot/spring-boot-test/2.7.11/spring-boot-test-2.7.11.jar:/home/changrui/.m2/repository/org/springframework/boot/spring-boot-test-autoconfigure/2.7.11/spring-boot-test-autoconfigure-2.7.11.jar:/home/changrui/.m2/repository/com/jayway/jsonpath/json-path/2.7.0/json-path-2.7.0.jar:/home/changrui/.m2/repository/net/minidev/json-smart/2.4.10/json-smart-2.4.10.jar:/home/changrui/.m2/repository/net/minidev/accessors-smart/2.4.9/accessors-smart-2.4.9.jar:/home/changrui/.m2/repository/org/ow2/asm/asm/9.3/asm-9.3.jar:/home/changrui/.m2/repository/jakarta/xml/bind/jakarta.xml.bind-api/2.3.3/jakarta.xml.bind-api-2.3.3.jar:/home/changrui/.m2/repository/jakarta/activation/jakarta.activation-api/1.2.2/jakarta.activation-api-1.2.2.jar:/home/changrui/.m2/repository/org/assertj/assertj-core/3.22.0/assertj-core-3.22.0.jar:/home/changrui/.m2/repository/org/hamcrest/hamcrest/2.2/hamcrest-2.2.jar:/home/changrui/.m2/repository/org/junit/jupiter/junit-jupiter/5.8.2/junit-jupiter-5.8.2.jar:/home/changrui/.m2/repository/org/junit/jupiter/junit-jupiter-api/5.8.2/junit-jupiter-api-5.8.2.jar:/home/changrui/.m2/repository/org/opentest4j/opentest4j/1.2.0/opentest4j-1.2.0.jar:/home/changrui/.m2/repository/org/junit/platform/junit-platform-commons/1.8.2/junit-platform-commons-1.8.2.jar:/home/changrui/.m2/repository/org/apiguardian/apiguardian-api/1.1.2/apiguardian-api-1.1.2.jar:/home/changrui/.m2/repository/org/junit/jupiter/junit-jupiter-params/5.8.2/junit-jupiter-params-5.8.2.jar:/home/changrui/.m2/repository/org/junit/jupiter/junit-jupiter-engine/5.8.2/junit-jupiter-engine-5.8.2.jar:/home/changrui/.m2/repository/org/junit/platform/junit-platform-engine/1.8.2/junit-platform-engine-1.8.2.jar:/home/changrui/.m2/repository/org/mockito/mockito-core/4.5.1/mockito-core-4.5.1.jar:/home/changrui/.m2/repository/net/bytebuddy/byte-buddy-agent/1.12.23/byte-buddy-agent-1.12.23.jar:/home/changrui/.m2/repository/org/objenesis/objenesis/3.2/objenesis-3.2.jar:/home/changrui/.m2/repository/org/mockito/mockito-junit-jupiter/4.5.1/mockito-junit-jupiter-4.5.1.jar:/home/changrui/.m2/repository/org/skyscreamer/jsonassert/1.5.1/jsonassert-1.5.1.jar:/home/changrui/.m2/repository/com/vaadin/external/google/android-json/0.0.20131108.vaadin1/android-json-0.0.20131108.vaadin1.jar:/home/changrui/.m2/repository/org/springframework/spring-core/5.3.27/spring-core-5.3.27.jar:/home/changrui/.m2/repository/org/springframework/spring-jcl/5.3.27/spring-jcl-5.3.27.jar:/home/changrui/.m2/repository/org/springframework/spring-test/5.3.27/spring-test-5.3.27.jar:/home/changrui/.m2/repository/org/xmlunit/xmlunit-core/2.9.1/xmlunit-core-2.9.1.jar:/home/changrui/.m2/repository/org/springframework/boot/spring-boot-starter-security/3.1.4/spring-boot-starter-security-3.1.4.jar:/home/changrui/.m2/repository/org/springframework/spring-aop/5.3.27/spring-aop-5.3.27.jar:/home/changrui/.m2/repository/org/springframework/security/spring-security-config/5.7.8/spring-security-config-5.7.8.jar:/home/changrui/.m2/repository/org/springframework/security/spring-security-core/5.7.8/spring-security-core-5.7.8.jar:/home/changrui/.m2/repository/org/springframework/security/spring-security-crypto/5.7.8/spring-security-crypto-5.7.8.jar:/home/changrui/.m2/repository/org/springframework/security/spring-security-web/5.7.8/spring-security-web-5.7.8.jar:"/>
    <property name="java.vm.vendor" value="Red Hat, Inc."/>
    <property name="sun.arch.data.model" value="64"/>
    <property name="java.vendor.url" value="https://www.redhat.com/"/>
    <property name="user.timezone" value=""/>
    <property name="java.vm.specification.version" value="11"/>
    <property name="os.name" value="Linux"/>
    <property name="sun.java.launcher" value="SUN_STANDARD"/>
    <property name="user.country" value="FR"/>
    <property name="sun.boot.library.path" value="/usr/lib/jvm/java-11-openjdk-11.0.20.0.8-1.fc38.x86_64/lib"/>
    <property name="sun.java.command" value="/home/changrui/eclipse-workspace/M2/devRep/projet1/projet/backend/target/surefire/surefirebooter16234225581560341612.jar /home/changrui/eclipse-workspace/M2/devRep/projet1/projet/backend/target/surefire 2023-10-31T16-25-26_998-jvmRun1 surefire14025079783173788062tmp surefire_015293768007664553774tmp"/>
    <property name="jdk.debug" value="release"/>
    <property name="surefire.test.class.path" value="/home/changrui/eclipse-workspace/M2/devRep/projet1/projet/backend/target/test-classes:/home/changrui/eclipse-workspace/M2/devRep/projet1/projet/backend/target/classes:/home/changrui/.m2/repository/org/springframework/boot/spring-boot-starter-data-jpa/2.7.11/spring-boot-starter-data-jpa-2.7.11.jar:/home/changrui/.m2/repository/org/springframework/boot/spring-boot-starter-aop/2.7.11/spring-boot-starter-aop-2.7.11.jar:/home/changrui/.m2/repository/org/aspectj/aspectjweaver/1.9.7/aspectjweaver-1.9.7.jar:/home/changrui/.m2/repository/org/springframework/boot/spring-boot-starter-jdbc/2.7.11/spring-boot-starter-jdbc-2.7.11.jar:/home/changrui/.m2/repository/com/zaxxer/HikariCP/4.0.3/HikariCP-4.0.3.jar:/home/changrui/.m2/repository/org/springframework/spring-jdbc/5.3.27/spring-jdbc-5.3.27.jar:/home/changrui/.m2/repository/jakarta/transaction/jakarta.transaction-api/1.3.3/jakarta.transaction-api-1.3.3.jar:/home/changrui/.m2/repository/jakarta/persistence/jakarta.persistence-api/2.2.3/jakarta.persistence-api-2.2.3.jar:/home/changrui/.m2/repository/org/hibernate/hibernate-core/5.6.15.Final/hibernate-core-5.6.15.Final.jar:/home/changrui/.m2/repository/org/jboss/logging/jboss-logging/3.4.3.Final/jboss-logging-3.4.3.Final.jar:/home/changrui/.m2/repository/net/bytebuddy/byte-buddy/1.12.23/byte-buddy-1.12.23.jar:/home/changrui/.m2/repository/antlr/antlr/2.7.7/antlr-2.7.7.jar:/home/changrui/.m2/repository/org/jboss/jandex/2.4.2.Final/jandex-2.4.2.Final.jar:/home/changrui/.m2/repository/com/fasterxml/classmate/1.5.1/classmate-1.5.1.jar:/home/changrui/.m2/repository/org/hibernate/common/hibernate-commons-annotations/5.1.2.Final/hibernate-commons-annotations-5.1.2.Final.jar:/home/changrui/.m2/repository/org/glassfish/jaxb/jaxb-runtime/2.3.8/jaxb-runtime-2.3.8.jar:/home/changrui/.m2/repository/org/glassfish/jaxb/txw2/2.3.8/txw2-2.3.8.jar:/home/changrui/.m2/repository/com/sun/istack/istack-commons-runtime/3.0.12/istack-commons-runtime-3.0.12.jar:/home/changrui/.m2/repository/com/sun/activation/jakarta.activation/1.2.2/jakarta.activation-1.2.2.jar:/home/changrui/.m2/repository/org/springframework/data/spring-data-jpa/2.7.11/spring-data-jpa-2.7.11.jar:/home/changrui/.m2/repository/org/springframework/data/spring-data-commons/2.7.11/spring-data-commons-2.7.11.jar:/home/changrui/.m2/repository/org/springframework/spring-orm/5.3.27/spring-orm-5.3.27.jar:/home/changrui/.m2/repository/org/springframework/spring-context/5.3.27/spring-context-5.3.27.jar:/home/changrui/.m2/repository/org/springframework/spring-tx/5.3.27/spring-tx-5.3.27.jar:/home/changrui/.m2/repository/org/springframework/spring-beans/5.3.27/spring-beans-5.3.27.jar:/home/changrui/.m2/repository/org/slf4j/slf4j-api/1.7.36/slf4j-api-1.7.36.jar:/home/changrui/.m2/repository/org/springframework/spring-aspects/5.3.27/spring-aspects-5.3.27.jar:/home/changrui/.m2/repository/org/springframework/boot/spring-boot-starter-thymeleaf/2.7.11/spring-boot-starter-thymeleaf-2.7.11.jar:/home/changrui/.m2/repository/org/springframework/boot/spring-boot-starter/2.7.11/spring-boot-starter-2.7.11.jar:/home/changrui/.m2/repository/org/springframework/boot/spring-boot/2.7.11/spring-boot-2.7.11.jar:/home/changrui/.m2/repository/org/springframework/boot/spring-boot-autoconfigure/2.7.11/spring-boot-autoconfigure-2.7.11.jar:/home/changrui/.m2/repository/org/springframework/boot/spring-boot-starter-logging/2.7.11/spring-boot-starter-logging-2.7.11.jar:/home/changrui/.m2/repository/ch/qos/logback/logback-classic/1.2.12/logback-classic-1.2.12.jar:/home/changrui/.m2/repository/ch/qos/logback/logback-core/1.2.12/logback-core-1.2.12.jar:/home/changrui/.m2/repository/org/apache/logging/log4j/log4j-to-slf4j/2.17.2/log4j-to-slf4j-2.17.2.jar:/home/changrui/.m2/repository/org/apache/logging/log4j/log4j-api/2.17.2/log4j-api-2.17.2.jar:/home/changrui/.m2/repository/org/slf4j/jul-to-slf4j/1.7.36/jul-to-slf4j-1.7.36.jar:/home/changrui/.m2/repository/jakarta/annotation/jakarta.annotation-api/1.3.5/jakarta.annotation-api-1.3.5.jar:/home/changrui/.m2/repository/org/yaml/snakeyaml/1.30/snakeyaml-1.30.jar:/home/changrui/.m2/repository/org/thymeleaf/thymeleaf-spring5/3.0.15.RELEASE/thymeleaf-spring5-3.0.15.RELEASE.jar:/home/changrui/.m2/repository/org/thymeleaf/thymeleaf/3.0.15.RELEASE/thymeleaf-3.0.15.RELEASE.jar:/home/changrui/.m2/repository/org/attoparser/attoparser/2.0.5.RELEASE/attoparser-2.0.5.RELEASE.jar:/home/changrui/.m2/repository/org/unbescape/unbescape/1.1.6.RELEASE/unbescape-1.1.6.RELEASE.jar:/home/changrui/.m2/repository/org/thymeleaf/extras/thymeleaf-extras-java8time/3.0.4.RELEASE/thymeleaf-extras-java8time-3.0.4.RELEASE.jar:/home/changrui/.m2/repository/org/springframework/boot/spring-boot-starter-web/2.7.11/spring-boot-starter-web-2.7.11.jar:/home/changrui/.m2/repository/org/springframework/boot/spring-boot-starter-json/2.7.11/spring-boot-starter-json-2.7.11.jar:/home/changrui/.m2/repository/com/fasterxml/jackson/core/jackson-databind/2.13.5/jackson-databind-2.13.5.jar:/home/changrui/.m2/repository/com/fasterxml/jackson/core/jackson-annotations/2.13.5/jackson-annotations-2.13.5.jar:/home/changrui/.m2/repository/com/fasterxml/jackson/core/jackson-core/2.13.5/jackson-core-2.13.5.jar:/home/changrui/.m2/repository/com/fasterxml/jackson/datatype/jackson-datatype-jdk8/2.13.5/jackson-datatype-jdk8-2.13.5.jar:/home/changrui/.m2/repository/com/fasterxml/jackson/datatype/jackson-datatype-jsr310/2.13.5/jackson-datatype-jsr310-2.13.5.jar:/home/changrui/.m2/repository/com/fasterxml/jackson/module/jackson-module-parameter-names/2.13.5/jackson-module-parameter-names-2.13.5.jar:/home/changrui/.m2/repository/org/springframework/boot/spring-boot-starter-tomcat/2.7.11/spring-boot-starter-tomcat-2.7.11.jar:/home/changrui/.m2/repository/org/apache/tomcat/embed/tomcat-embed-core/9.0.74/tomcat-embed-core-9.0.74.jar:/home/changrui/.m2/repository/org/apache/tomcat/embed/tomcat-embed-el/9.0.74/tomcat-embed-el-9.0.74.jar:/home/changrui/.m2/repository/org/apache/tomcat/embed/tomcat-embed-websocket/9.0.74/tomcat-embed-websocket-9.0.74.jar:/home/changrui/.m2/repository/org/springframework/spring-web/5.3.27/spring-web-5.3.27.jar:/home/changrui/.m2/repository/org/springframework/spring-webmvc/5.3.27/spring-webmvc-5.3.27.jar:/home/changrui/.m2/repository/org/springframework/spring-expression/5.3.27/spring-expression-5.3.27.jar:/home/changrui/.m2/repository/com/mysql/mysql-connector-j/8.0.33/mysql-connector-j-8.0.33.jar:/home/changrui/.m2/repository/org/projectlombok/lombok/1.18.26/lombok-1.18.26.jar:/home/changrui/.m2/repository/org/springframework/boot/spring-boot-starter-test/2.7.11/spring-boot-starter-test-2.7.11.jar:/home/changrui/.m2/repository/org/springframework/boot/spring-boot-test/2.7.11/spring-boot-test-2.7.11.jar:/home/changrui/.m2/repository/org/springframework/boot/spring-boot-test-autoconfigure/2.7.11/spring-boot-test-autoconfigure-2.7.11.jar:/home/changrui/.m2/repository/com/jayway/jsonpath/json-path/2.7.0/json-path-2.7.0.jar:/home/changrui/.m2/repository/net/minidev/json-smart/2.4.10/json-smart-2.4.10.jar:/home/changrui/.m2/repository/net/minidev/accessors-smart/2.4.9/accessors-smart-2.4.9.jar:/home/changrui/.m2/repository/org/ow2/asm/asm/9.3/asm-9.3.jar:/home/changrui/.m2/repository/jakarta/xml/bind/jakarta.xml.bind-api/2.3.3/jakarta.xml.bind-api-2.3.3.jar:/home/changrui/.m2/repository/jakarta/activation/jakarta.activation-api/1.2.2/jakarta.activation-api-1.2.2.jar:/home/changrui/.m2/repository/org/assertj/assertj-core/3.22.0/assertj-core-3.22.0.jar:/home/changrui/.m2/repository/org/hamcrest/hamcrest/2.2/hamcrest-2.2.jar:/home/changrui/.m2/repository/org/junit/jupiter/junit-jupiter/5.8.2/junit-jupiter-5.8.2.jar:/home/changrui/.m2/repository/org/junit/jupiter/junit-jupiter-api/5.8.2/junit-jupiter-api-5.8.2.jar:/home/changrui/.m2/repository/org/opentest4j/opentest4j/1.2.0/opentest4j-1.2.0.jar:/home/changrui/.m2/repository/org/junit/platform/junit-platform-commons/1.8.2/junit-platform-commons-1.8.2.jar:/home/changrui/.m2/repository/org/apiguardian/apiguardian-api/1.1.2/apiguardian-api-1.1.2.jar:/home/changrui/.m2/repository/org/junit/jupiter/junit-jupiter-params/5.8.2/junit-jupiter-params-5.8.2.jar:/home/changrui/.m2/repository/org/junit/jupiter/junit-jupiter-engine/5.8.2/junit-jupiter-engine-5.8.2.jar:/home/changrui/.m2/repository/org/junit/platform/junit-platform-engine/1.8.2/junit-platform-engine-1.8.2.jar:/home/changrui/.m2/repository/org/mockito/mockito-core/4.5.1/mockito-core-4.5.1.jar:/home/changrui/.m2/repository/net/bytebuddy/byte-buddy-agent/1.12.23/byte-buddy-agent-1.12.23.jar:/home/changrui/.m2/repository/org/objenesis/objenesis/3.2/objenesis-3.2.jar:/home/changrui/.m2/repository/org/mockito/mockito-junit-jupiter/4.5.1/mockito-junit-jupiter-4.5.1.jar:/home/changrui/.m2/repository/org/skyscreamer/jsonassert/1.5.1/jsonassert-1.5.1.jar:/home/changrui/.m2/repository/com/vaadin/external/google/android-json/0.0.20131108.vaadin1/android-json-0.0.20131108.vaadin1.jar:/home/changrui/.m2/repository/org/springframework/spring-core/5.3.27/spring-core-5.3.27.jar:/home/changrui/.m2/repository/org/springframework/spring-jcl/5.3.27/spring-jcl-5.3.27.jar:/home/changrui/.m2/repository/org/springframework/spring-test/5.3.27/spring-test-5.3.27.jar:/home/changrui/.m2/repository/org/xmlunit/xmlunit-core/2.9.1/xmlunit-core-2.9.1.jar:/home/changrui/.m2/repository/org/springframework/boot/spring-boot-starter-security/3.1.4/spring-boot-starter-security-3.1.4.jar:/home/changrui/.m2/repository/org/springframework/spring-aop/5.3.27/spring-aop-5.3.27.jar:/home/changrui/.m2/repository/org/springframework/security/spring-security-config/5.7.8/spring-security-config-5.7.8.jar:/home/changrui/.m2/repository/org/springframework/security/spring-security-core/5.7.8/spring-security-core-5.7.8.jar:/home/changrui/.m2/repository/org/springframework/security/spring-security-crypto/5.7.8/spring-security-crypto-5.7.8.jar:/home/changrui/.m2/repository/org/springframework/security/spring-security-web/5.7.8/spring-security-web-5.7.8.jar:"/>
    <property name="sun.cpu.endian" value="little"/>
    <property name="user.home" value="/home/changrui"/>
    <property name="user.language" value="fr"/>
    <property name="java.specification.vendor" value="Oracle Corporation"/>
    <property name="java.version.date" value="2023-07-18"/>
    <property name="java.home" value="/usr/lib/jvm/java-11-openjdk-11.0.20.0.8-1.fc38.x86_64"/>
    <property name="file.separator" value="/"/>
    <property name="basedir" value="/home/changrui/eclipse-workspace/M2/devRep/projet1/projet/backend"/>
    <property name="java.vm.compressedOopsMode" value="Zero based"/>
    <property name="line.separator" value="&#10;"/>
    <property name="java.specification.name" value="Java Platform API Specification"/>
    <property name="java.vm.specification.vendor" value="Oracle Corporation"/>
    <property name="java.awt.graphicsenv" value="sun.awt.X11GraphicsEnvironment"/>
    <property name="surefire.real.class.path" value="/home/changrui/eclipse-workspace/M2/devRep/projet1/projet/backend/target/surefire/surefirebooter16234225581560341612.jar"/>
    <property name="sun.management.compiler" value="HotSpot 64-Bit Tiered Compilers"/>
    <property name="java.runtime.version" value="11.0.20+8"/>
    <property name="user.name" value="changrui"/>
    <property name="path.separator" value=":"/>
    <property name="os.version" value="6.2.15-703.inttf.fc38.x86_64"/>
    <property name="java.runtime.name" value="OpenJDK Runtime Environment"/>
    <property name="file.encoding" value="UTF-8"/>
    <property name="java.vm.name" value="OpenJDK 64-Bit Server VM"/>
    <property name="java.vendor.version" value="(Red_Hat-11.0.20.0.8-1.fc38)"/>
    <property name="localRepository" value="/home/changrui/.m2/repository"/>
    <property name="java.vendor.url.bug" value="https://bugzilla.redhat.com/enter_bug.cgi?product=Fedora&amp;component=java-11-openjdk-portable&amp;version=38"/>
    <property name="java.io.tmpdir" value="/tmp"/>
    <property name="java.version" value="11.0.20"/>
    <property name="user.dir" value="/home/changrui/eclipse-workspace/M2/devRep/projet1/projet/backend"/>
    <property name="os.arch" value="amd64"/>
    <property name="java.vm.specification.name" value="Java Virtual Machine Specification"/>
    <property name="java.awt.printerjob" value="sun.print.PSPrinterJob"/>
    <property name="sun.os.patch.level" value="unknown"/>
    <property name="java.library.path" value="/usr/lib64/openmpi/lib:/usr/local/lib:/home/changrui/App/Lustre/lustre-v4-III-dc-linux64-Sorbonne/esterelv5_21.linux/lib:/usr/java/packages/lib:/usr/lib64:/lib64:/lib:/usr/lib"/>
    <property name="java.vm.info" value="mixed mode, sharing"/>
    <property name="java.vendor" value="Red Hat, Inc."/>
    <property name="java.vm.version" value="11.0.20+8"/>
    <property name="java.specification.maintenance.version" value="2"/>
    <property name="sun.io.unicode.encoding" value="UnicodeLittle"/>
    <property name="java.class.version" value="55.0"/>
  </properties>
  <testcase name="contextLoads" classname="devrep.projet_p1.ProjetP1ApplicationTests" time="0.072"/>
</testsuite>